  Determining projects to restore...
  All projects are up-to-date for restore.
C:\Users\ACER\source\repos\PRN232\PHAMVIETDUNG_SE1885_A01\PHAMVIETDUNG_SE1885_A01_FE\Presentation\Controllers\AdminController.cs(287,5): error CS1519: Invalid token '}' in a member declaration [C:\Users\ACER\source\repos\PRN232\PHAMVIETDUNG_SE1885_A01\PHAMVIETDUNG_SE1885_A01_FE\PHAMVIETDUNG_SE1885_A01_FE.csproj]
C:\Users\ACER\source\repos\PRN232\PHAMVIETDUNG_SE1885_A01\PHAMVIETDUNG_SE1885_A01_FE\Presentation\Controllers\AdminController.cs(307,2): error CS1513: } expected [C:\Users\ACER\source\repos\PRN232\PHAMVIETDUNG_SE1885_A01\PHAMVIETDUNG_SE1885_A01_FE\PHAMVIETDUNG_SE1885_A01_FE.csproj]

Build FAILED.

C:\Users\ACER\source\repos\PRN232\PHAMVIETDUNG_SE1885_A01\PHAMVIETDUNG_SE1885_A01_FE\Presentation\Controllers\AdminController.cs(287,5): error CS1519: Invalid token '}' in a member declaration [C:\Users\ACER\source\repos\PRN232\PHAMVIETDUNG_SE1885_A01\PHAMVIETDUNG_SE1885_A01_FE\PHAMVIETDUNG_SE1885_A01_FE.csproj]
C:\Users\ACER\source\repos\PRN232\PHAMVIETDUNG_SE1885_A01\PHAMVIETDUNG_SE1885_A01_FE\Presentation\Controllers\AdminController.cs(307,2): error CS1513: } expected [C:\Users\ACER\source\repos\PRN232\PHAMVIETDUNG_SE1885_A01\PHAMVIETDUNG_SE1885_A01_FE\PHAMVIETDUNG_SE1885_A01_FE.csproj]
    0 Warning(s)
    2 Error(s)

Time Elapsed 00:00:02.43

Workload updates are available. Run `dotnet workload list` for more information.
